  [1m[35m (3135.1ms)[0m  [1m[35mCREATE DATABASE "TodosApp_development" ENCODING = 'unicode'[0m
  ↳ bin/rails:9
  [1m[35m (1030.5ms)[0m  [1m[35mCREATE DATABASE "TodosApp_test" ENCODING = 'unicode'[0m
  ↳ bin/rails:9
  [1m[35m (37.7ms)[0m  [1m[35mCREATE TABLE "schema_migrations" ("version" character varying NOT NULL PRIMARY KEY)[0m
  ↳ bin/rails:9
  [1m[35m (5.4ms)[0m  [1m[35mCREATE TABLE "ar_internal_metadata" ("key" character varying NOT NULL PRIMARY KEY, "value" character varying, "created_at" timestamp NOT NULL, "updated_at" timestamp NOT NULL)[0m
  ↳ bin/rails:9
  [1m[35m (0.6ms)[0m  [1m[34mSELECT pg_try_advisory_lock(7358896748882576940)[0m
  ↳ bin/rails:9
  [1m[35m (4.0ms)[0m  [1m[34mSELECT "schema_migrations"."version" FROM "schema_migrations" ORDER BY "schema_migrations"."version" ASC[0m
  ↳ bin/rails:9
Migrating to CreateTodos (20220310222831)
  [1m[35m (0.7ms)[0m  [1m[35mBEGIN[0m
  ↳ bin/rails:9
  [1m[35m (12.1ms)[0m  [1m[35mCREATE TABLE "todos" ("id" bigserial primary key, "title" character varying NOT NULL, "body" character varying NOT NULL, "done" boolean NOT NULL, "created_at" timestamp NOT NULL, "updated_at" timestamp NOT NULL)[0m
  ↳ db/migrate/20220310222831_create_todos.rb:3
  [1m[36mActiveRecord::SchemaMigration Create (3.3ms)[0m  [1m[32mINSERT INTO "schema_migrations" ("version") VALUES ($1) RETURNING "version"[0m  [["version", "20220310222831"]]
  ↳ bin/rails:9
  [1m[35m (0.4ms)[0m  [1m[35mCOMMIT[0m
  ↳ bin/rails:9
  [1m[36mActiveRecord::InternalMetadata Load (3.9ms)[0m  [1m[34mSELECT  "ar_internal_metadata".* FROM "ar_internal_metadata" WHERE "ar_internal_metadata"."key" = $1 LIMIT $2[0m  [["key", "environment"], ["LIMIT", 1]]
  ↳ bin/rails:9
  [1m[35m (0.2ms)[0m  [1m[35mBEGIN[0m
  ↳ bin/rails:9
  [1m[36mActiveRecord::InternalMetadata Create (1.5ms)[0m  [1m[32mINSERT INTO "ar_internal_metadata" ("key", "value", "created_at", "updated_at") VALUES ($1, $2, $3, $4) RETURNING "key"[0m  [["key", "environment"], ["value", "development"], ["created_at", "2022-03-10 22:30:17.907200"], ["updated_at", "2022-03-10 22:30:17.907200"]]
  ↳ bin/rails:9
  [1m[35m (0.3ms)[0m  [1m[35mCOMMIT[0m
  ↳ bin/rails:9
  [1m[35m (0.2ms)[0m  [1m[34mSELECT pg_advisory_unlock(7358896748882576940)[0m
  ↳ bin/rails:9
  [1m[35m (1.2ms)[0m  [1m[34mSELECT "schema_migrations"."version" FROM "schema_migrations" ORDER BY "schema_migrations"."version" ASC[0m
  ↳ bin/rails:9
  [1m[35m (4.1ms)[0m  [1m[34mSELECT "schema_migrations"."version" FROM "schema_migrations" ORDER BY "schema_migrations"."version" ASC[0m
  ↳ /home/jesse/.rbenv/versions/2.5.1/bin/annotate:23
  [1m[35m (0.1ms)[0m  [1m[35mBEGIN[0m
  [1m[36mTodo Create (5.0ms)[0m  [1m[32mINSERT INTO "todos" ("id", "title", "body", "done", "created_at", "updated_at") VALUES ($1, $2, $3, $4, $5, $6) RETURNING "id"[0m  [["id", 1], ["title", "I am the title!"], ["body", "I am the body..."], ["done", false], ["created_at", "2022-03-10 22:36:13.533470"], ["updated_at", "2022-03-10 22:36:13.533470"]]
  [1m[35m (6.3ms)[0m  [1m[35mCOMMIT[0m
  [1m[36mTodo Load (0.6ms)[0m  [1m[34mSELECT "todos".* FROM "todos"[0m
  [1m[35m (78.6ms)[0m  [1m[35mCREATE DATABASE "TodosApp_development" ENCODING = 'unicode'[0m
  ↳ bin/rails:9
  [1m[35m (42.4ms)[0m  [1m[35mCREATE DATABASE "TodosApp_test" ENCODING = 'unicode'[0m
  ↳ bin/rails:9
  [1m[35mSQL (0.6ms)[0m  [1m[35mCREATE EXTENSION IF NOT EXISTS "plpgsql"[0m
  ↳ db/schema.rb:16
  [1m[35m (0.2ms)[0m  [1m[35mDROP TABLE IF EXISTS "todos" CASCADE[0m
  ↳ db/schema.rb:18
  [1m[35m (4.8ms)[0m  [1m[35mCREATE TABLE "todos" ("id" bigserial primary key, "title" character varying NOT NULL, "body" character varying NOT NULL, "done" boolean NOT NULL, "created_at" timestamp NOT NULL, "updated_at" timestamp NOT NULL)[0m
  ↳ db/schema.rb:18
  [1m[35m (1.8ms)[0m  [1m[35mCREATE TABLE "schema_migrations" ("version" character varying NOT NULL PRIMARY KEY)[0m
  ↳ db/schema.rb:13
  [1m[35m (0.3ms)[0m  [1m[34mSELECT "schema_migrations"."version" FROM "schema_migrations" ORDER BY "schema_migrations"."version" ASC[0m
  ↳ db/schema.rb:13
  [1m[35m (0.3ms)[0m  [1m[32mINSERT INTO "schema_migrations" (version) VALUES (20220310222831)[0m
  ↳ db/schema.rb:13
  [1m[35m (1.9ms)[0m  [1m[35mCREATE TABLE "ar_internal_metadata" ("key" character varying NOT NULL PRIMARY KEY, "value" character varying, "created_at" timestamp NOT NULL, "updated_at" timestamp NOT NULL)[0m
  ↳ db/schema.rb:13
  [1m[36mActiveRecord::InternalMetadata Load (0.2ms)[0m  [1m[34mSELECT  "ar_internal_metadata".* FROM "ar_internal_metadata" WHERE "ar_internal_metadata"."key" = $1 LIMIT $2[0m  [["key", "environment"], ["LIMIT", 1]]
  ↳ db/schema.rb:13
  [1m[35m (0.1ms)[0m  [1m[35mBEGIN[0m
  ↳ db/schema.rb:13
  [1m[36mActiveRecord::InternalMetadata Create (0.4ms)[0m  [1m[32mINSERT INTO "ar_internal_metadata" ("key", "value", "created_at", "updated_at") VALUES ($1, $2, $3, $4) RETURNING "key"[0m  [["key", "environment"], ["value", "development"], ["created_at", "2022-03-10 23:08:45.865276"], ["updated_at", "2022-03-10 23:08:45.865276"]]
  ↳ db/schema.rb:13
  [1m[35m (0.1ms)[0m  [1m[35mCOMMIT[0m
  ↳ db/schema.rb:13
  [1m[36mActiveRecord::InternalMetadata Load (0.1ms)[0m  [1m[34mSELECT  "ar_internal_metadata".* FROM "ar_internal_metadata" WHERE "ar_internal_metadata"."key" = $1 LIMIT $2[0m  [["key", "environment"], ["LIMIT", 1]]
  ↳ bin/rails:9
  [1m[35m (0.1ms)[0m  [1m[35mBEGIN[0m
  ↳ bin/rails:9
  [1m[35m (0.0ms)[0m  [1m[35mCOMMIT[0m
  ↳ bin/rails:9
  [1m[35mSQL (0.2ms)[0m  [1m[35mCREATE EXTENSION IF NOT EXISTS "plpgsql"[0m
  ↳ db/schema.rb:16
  [1m[35m (0.1ms)[0m  [1m[35mDROP TABLE IF EXISTS "todos" CASCADE[0m
  ↳ db/schema.rb:18
  [1m[35m (4.0ms)[0m  [1m[35mCREATE TABLE "todos" ("id" bigserial primary key, "title" character varying NOT NULL, "body" character varying NOT NULL, "done" boolean NOT NULL, "created_at" timestamp NOT NULL, "updated_at" timestamp NOT NULL)[0m
  ↳ db/schema.rb:18
  [1m[35m (1.5ms)[0m  [1m[35mCREATE TABLE "schema_migrations" ("version" character varying NOT NULL PRIMARY KEY)[0m
  ↳ db/schema.rb:13
  [1m[35m (0.3ms)[0m  [1m[34mSELECT "schema_migrations"."version" FROM "schema_migrations" ORDER BY "schema_migrations"."version" ASC[0m
  ↳ db/schema.rb:13
  [1m[35m (0.5ms)[0m  [1m[32mINSERT INTO "schema_migrations" (version) VALUES (20220310222831)[0m
  ↳ db/schema.rb:13
  [1m[35m (1.9ms)[0m  [1m[35mCREATE TABLE "ar_internal_metadata" ("key" character varying NOT NULL PRIMARY KEY, "value" character varying, "created_at" timestamp NOT NULL, "updated_at" timestamp NOT NULL)[0m
  ↳ db/schema.rb:13
  [1m[36mActiveRecord::InternalMetadata Load (0.3ms)[0m  [1m[34mSELECT  "ar_internal_metadata".* FROM "ar_internal_metadata" WHERE "ar_internal_metadata"."key" = $1 LIMIT $2[0m  [["key", "environment"], ["LIMIT", 1]]
  ↳ db/schema.rb:13
  [1m[35m (0.1ms)[0m  [1m[35mBEGIN[0m
  ↳ db/schema.rb:13
  [1m[36mActiveRecord::InternalMetadata Create (0.2ms)[0m  [1m[32mINSERT INTO "ar_internal_metadata" ("key", "value", "created_at", "updated_at") VALUES ($1, $2, $3, $4) RETURNING "key"[0m  [["key", "environment"], ["value", "development"], ["created_at", "2022-03-10 23:08:45.896477"], ["updated_at", "2022-03-10 23:08:45.896477"]]
  ↳ db/schema.rb:13
  [1m[35m (0.1ms)[0m  [1m[35mCOMMIT[0m
  ↳ db/schema.rb:13
  [1m[36mActiveRecord::InternalMetadata Load (0.1ms)[0m  [1m[34mSELECT  "ar_internal_metadata".* FROM "ar_internal_metadata" WHERE "ar_internal_metadata"."key" = $1 LIMIT $2[0m  [["key", "environment"], ["LIMIT", 1]]
  ↳ bin/rails:9
  [1m[35m (0.0ms)[0m  [1m[35mBEGIN[0m
  ↳ bin/rails:9
  [1m[36mActiveRecord::InternalMetadata Update (0.3ms)[0m  [1m[33mUPDATE "ar_internal_metadata" SET "value" = $1, "updated_at" = $2 WHERE "ar_internal_metadata"."key" = $3[0m  [["value", "test"], ["updated_at", "2022-03-10 23:08:45.898241"], ["key", "environment"]]
  ↳ bin/rails:9
  [1m[35m (0.2ms)[0m  [1m[35mCOMMIT[0m
  ↳ bin/rails:9
  [1m[35m (0.5ms)[0m  [1m[34mSELECT "schema_migrations"."version" FROM "schema_migrations" ORDER BY "schema_migrations"."version" ASC[0m
  ↳ bin/rails:9
  [1m[36mTodo Load (0.5ms)[0m  [1m[34mSELECT "todos".* FROM "todos"[0m
  ↳ db/seeds.rb:9
  [1m[35m (0.1ms)[0m  [1m[35mBEGIN[0m
  ↳ db/seeds.rb:11
  [1m[36mTodo Create (0.3ms)[0m  [1m[32mINSERT INTO "todos" ("id", "title", "body", "done", "created_at", "updated_at") VALUES ($1, $2, $3, $4, $5, $6) RETURNING "id"[0m  [["id", 1], ["title", "Rob the bank"], ["body", "they deserve it"], ["done", false], ["created_at", "2022-03-10 23:08:45.918858"], ["updated_at", "2022-03-10 23:08:45.918858"]]
  ↳ db/seeds.rb:11
  [1m[35m (0.2ms)[0m  [1m[35mCOMMIT[0m
  ↳ db/seeds.rb:11
  [1m[35m (2.0ms)[0m  [1m[34mSELECT "schema_migrations"."version" FROM "schema_migrations" ORDER BY "schema_migrations"."version" ASC[0m
  ↳ bin/rails:9
  [1m[36mTodo Load (0.8ms)[0m  [1m[34mSELECT "todos".* FROM "todos"[0m
  ↳ db/seeds.rb:9
  [1m[35m (0.2ms)[0m  [1m[35mBEGIN[0m
  ↳ db/seeds.rb:9
  [1m[36mTodo Destroy (1.3ms)[0m  [1m[31mDELETE FROM "todos" WHERE "todos"."id" = $1[0m  [["id", 1]]
  ↳ db/seeds.rb:9
  [1m[35m (1.0ms)[0m  [1m[35mCOMMIT[0m
  ↳ db/seeds.rb:9
  [1m[35m (0.1ms)[0m  [1m[35mBEGIN[0m
  ↳ db/seeds.rb:11
  [1m[36mTodo Create (0.7ms)[0m  [1m[32mINSERT INTO "todos" ("id", "title", "body", "done", "created_at", "updated_at") VALUES ($1, $2, $3, $4, $5, $6) RETURNING "id"[0m  [["id", 1], ["title", "Rob the bank"], ["body", "they deserve it"], ["done", false], ["created_at", "2022-03-10 23:09:01.791290"], ["updated_at", "2022-03-10 23:09:01.791290"]]
  ↳ db/seeds.rb:11
  [1m[35m (0.3ms)[0m  [1m[35mCOMMIT[0m
  ↳ db/seeds.rb:11
  [1m[36mTodo Load (1.3ms)[0m  [1m[34mSELECT "todos".* FROM "todos"[0m
Started GET "/" for ::1 at 2022-03-10 15:09:40 -0800
  [1m[35m (2.7ms)[0m  [1m[34mSELECT "schema_migrations"."version" FROM "schema_migrations" ORDER BY "schema_migrations"."version" ASC[0m
  ↳ /Users/nickpietrow/.rbenv/versions/2.5.1/lib/ruby/gems/2.5.0/gems/activerecord-5.2.6.3/lib/active_record/log_subscriber.rb:98
Processing by StaticPagesController#root as HTML
Completed 500 Internal Server Error in 5ms (ActiveRecord: 0.0ms)



ActionView::MissingTemplate - Missing template static_pages/root, application/root with {:locale=>[:en], :formats=>[:html], :variants=>[], :handlers=>[:raw, :erb, :html, :builder, :ruby, :coffee, :jbuilder]}. Searched in:
  * "/Users/nickpietrow/Documents/code/aa-files/aA_Classwork/W11D4/TodosPart3/TodosApp/app/views":
  app/controllers/static_pages_controller.rb:4:in `root'

Started POST "/__better_errors/0d6aac66de18167f/variables" for ::1 at 2022-03-10 15:09:40 -0800
Started GET "/" for ::1 at 2022-03-10 15:13:16 -0800
Processing by StaticPagesController#root as HTML
  Rendering static_pages/root.html.erb within layouts/application
  Rendered static_pages/root.html.erb within layouts/application (9.1ms)
Completed 200 OK in 559ms (Views: 558.9ms | ActiveRecord: 0.0ms)


Started GET "/" for ::1 at 2022-03-10 15:13:26 -0800
Processing by StaticPagesController#root as HTML
  Rendering static_pages/root.html.erb within layouts/application
  Rendered static_pages/root.html.erb within layouts/application (0.4ms)
Completed 200 OK in 21ms (Views: 20.9ms | ActiveRecord: 0.0ms)


Started GET "/" for ::1 at 2022-03-10 15:13:35 -0800
Processing by StaticPagesController#root as HTML
  Rendering static_pages/root.html.erb within layouts/application
  Rendered static_pages/root.html.erb within layouts/application (0.3ms)
Completed 200 OK in 11ms (Views: 10.8ms | ActiveRecord: 0.0ms)


Started GET "/api/todos" for ::1 at 2022-03-10 15:14:36 -0800
Processing by Api::TodosController#index as JSON
  [1m[36mTodo Load (1.9ms)[0m  [1m[34mSELECT "todos".* FROM "todos"[0m
  ↳ app/controllers/api/todos_controller.rb:7
Completed 200 OK in 38ms (Views: 6.8ms | ActiveRecord: 28.3ms)


  [1m[35m (1.8ms)[0m  [1m[34mSELECT "schema_migrations"."version" FROM "schema_migrations" ORDER BY "schema_migrations"."version" ASC[0m
  ↳ bin/rails:9
  [1m[36mTodo Load (1.2ms)[0m  [1m[34mSELECT "todos".* FROM "todos"[0m
  ↳ db/seeds.rb:9
  [1m[35m (0.3ms)[0m  [1m[35mBEGIN[0m
  ↳ db/seeds.rb:9
  [1m[36mTodo Destroy (0.9ms)[0m  [1m[31mDELETE FROM "todos" WHERE "todos"."id" = $1[0m  [["id", 1]]
  ↳ db/seeds.rb:9
  [1m[35m (0.6ms)[0m  [1m[35mCOMMIT[0m
  ↳ db/seeds.rb:9
  [1m[35m (0.1ms)[0m  [1m[35mBEGIN[0m
  ↳ db/seeds.rb:11
  [1m[36mTodo Create (0.4ms)[0m  [1m[32mINSERT INTO "todos" ("id", "title", "body", "done", "created_at", "updated_at") VALUES ($1, $2, $3, $4, $5, $6) RETURNING "id"[0m  [["id", 1], ["title", "Rob the bank"], ["body", "they deserve it"], ["done", false], ["created_at", "2022-03-10 23:15:31.769339"], ["updated_at", "2022-03-10 23:15:31.769339"]]
  ↳ db/seeds.rb:11
  [1m[35m (0.2ms)[0m  [1m[35mCOMMIT[0m
  ↳ db/seeds.rb:11
  [1m[35m (0.1ms)[0m  [1m[35mBEGIN[0m
  ↳ db/seeds.rb:12
  [1m[36mTodo Create (1.5ms)[0m  [1m[32mINSERT INTO "todos" ("id", "title", "body", "done", "created_at", "updated_at") VALUES ($1, $2, $3, $4, $5, $6) RETURNING "id"[0m  [["id", 2], ["title", "2Rob the bank2"], ["body", "2they deserve it2"], ["done", false], ["created_at", "2022-03-10 23:15:31.771072"], ["updated_at", "2022-03-10 23:15:31.771072"]]
  ↳ db/seeds.rb:12
  [1m[35m (0.2ms)[0m  [1m[35mCOMMIT[0m
  ↳ db/seeds.rb:12
  [1m[35m (0.1ms)[0m  [1m[35mBEGIN[0m
  ↳ db/seeds.rb:13
  [1m[36mTodo Create (2.7ms)[0m  [1m[32mINSERT INTO "todos" ("id", "title", "body", "done", "created_at", "updated_at") VALUES ($1, $2, $3, $4, $5, $6) RETURNING "id"[0m  [["id", 2], ["title", "3Rob the bank3"], ["body", "3they deserve it3"], ["done", false], ["created_at", "2022-03-10 23:15:31.773649"], ["updated_at", "2022-03-10 23:15:31.773649"]]
  ↳ db/seeds.rb:13
  [1m[35m (0.1ms)[0m  [1m[31mROLLBACK[0m
  ↳ db/seeds.rb:13
  [1m[35m (1.8ms)[0m  [1m[34mSELECT "schema_migrations"."version" FROM "schema_migrations" ORDER BY "schema_migrations"."version" ASC[0m
  ↳ bin/rails:9
  [1m[36mTodo Load (0.9ms)[0m  [1m[34mSELECT "todos".* FROM "todos"[0m
  ↳ db/seeds.rb:9
  [1m[35m (0.4ms)[0m  [1m[35mBEGIN[0m
  ↳ db/seeds.rb:9
  [1m[36mTodo Destroy (1.7ms)[0m  [1m[31mDELETE FROM "todos" WHERE "todos"."id" = $1[0m  [["id", 1]]
  ↳ db/seeds.rb:9
  [1m[35m (0.6ms)[0m  [1m[35mCOMMIT[0m
  ↳ db/seeds.rb:9
  [1m[35m (0.1ms)[0m  [1m[35mBEGIN[0m
  ↳ db/seeds.rb:9
  [1m[36mTodo Destroy (0.2ms)[0m  [1m[31mDELETE FROM "todos" WHERE "todos"."id" = $1[0m  [["id", 2]]
  ↳ db/seeds.rb:9
  [1m[35m (0.3ms)[0m  [1m[35mCOMMIT[0m
  ↳ db/seeds.rb:9
  [1m[35m (0.1ms)[0m  [1m[35mBEGIN[0m
  ↳ db/seeds.rb:11
  [1m[36mTodo Create (0.5ms)[0m  [1m[32mINSERT INTO "todos" ("id", "title", "body", "done", "created_at", "updated_at") VALUES ($1, $2, $3, $4, $5, $6) RETURNING "id"[0m  [["id", 1], ["title", "Rob the bank"], ["body", "they deserve it"], ["done", false], ["created_at", "2022-03-10 23:15:38.675199"], ["updated_at", "2022-03-10 23:15:38.675199"]]
  ↳ db/seeds.rb:11
  [1m[35m (0.2ms)[0m  [1m[35mCOMMIT[0m
  ↳ db/seeds.rb:11
  [1m[35m (0.1ms)[0m  [1m[35mBEGIN[0m
  ↳ db/seeds.rb:12
  [1m[36mTodo Create (0.3ms)[0m  [1m[32mINSERT INTO "todos" ("id", "title", "body", "done", "created_at", "updated_at") VALUES ($1, $2, $3, $4, $5, $6) RETURNING "id"[0m  [["id", 2], ["title", "2Rob the bank2"], ["body", "2they deserve it2"], ["done", false], ["created_at", "2022-03-10 23:15:38.677101"], ["updated_at", "2022-03-10 23:15:38.677101"]]
  ↳ db/seeds.rb:12
  [1m[35m (0.2ms)[0m  [1m[35mCOMMIT[0m
  ↳ db/seeds.rb:12
  [1m[35m (0.0ms)[0m  [1m[35mBEGIN[0m
  ↳ db/seeds.rb:13
  [1m[36mTodo Create (0.2ms)[0m  [1m[32mINSERT INTO "todos" ("id", "title", "body", "done", "created_at", "updated_at") VALUES ($1, $2, $3, $4, $5, $6) RETURNING "id"[0m  [["id", 3], ["title", "3Rob the bank3"], ["body", "3they deserve it3"], ["done", false], ["created_at", "2022-03-10 23:15:38.678064"], ["updated_at", "2022-03-10 23:15:38.678064"]]
  ↳ db/seeds.rb:13
  [1m[35m (0.1ms)[0m  [1m[35mCOMMIT[0m
  ↳ db/seeds.rb:13
Started GET "/api/todos" for ::1 at 2022-03-10 15:15:44 -0800
Processing by Api::TodosController#index as JSON
  [1m[36mTodo Load (1.1ms)[0m  [1m[34mSELECT "todos".* FROM "todos"[0m
  ↳ app/controllers/api/todos_controller.rb:7
Completed 200 OK in 3ms (Views: 1.4ms | ActiveRecord: 1.1ms)


Started GET "/" for ::1 at 2022-03-10 15:17:50 -0800
Processing by StaticPagesController#root as HTML
  Rendering static_pages/root.html.erb within layouts/application
  Rendered static_pages/root.html.erb within layouts/application (0.3ms)
Completed 200 OK in 259ms (Views: 258.5ms | ActiveRecord: 0.0ms)


Started GET "/" for ::1 at 2022-03-10 15:18:32 -0800
Processing by StaticPagesController#root as HTML
  Rendering static_pages/root.html.erb within layouts/application
  Rendered static_pages/root.html.erb within layouts/application (0.3ms)
Completed 200 OK in 233ms (Views: 233.3ms | ActiveRecord: 0.0ms)


Started GET "/api/todos" for ::1 at 2022-03-10 15:19:06 -0800
Processing by Api::TodosController#index as JSON
  [1m[36mTodo Load (0.4ms)[0m  [1m[34mSELECT "todos".* FROM "todos"[0m
  ↳ app/controllers/api/todos_controller.rb:7
Completed 200 OK in 1ms (Views: 0.9ms | ActiveRecord: 0.4ms)


Started GET "/" for ::1 at 2022-03-10 15:26:40 -0800
Processing by StaticPagesController#root as HTML
  Rendering static_pages/root.html.erb within layouts/application
  Rendered static_pages/root.html.erb within layouts/application (0.4ms)
Completed 200 OK in 250ms (Views: 247.6ms | ActiveRecord: 0.0ms)


Started GET "/api/todos" for ::1 at 2022-03-10 15:27:32 -0800
Processing by Api::TodosController#index as JSON
  [1m[36mTodo Load (1.2ms)[0m  [1m[34mSELECT "todos".* FROM "todos"[0m
  ↳ app/controllers/api/todos_controller.rb:7
Completed 200 OK in 3ms (Views: 1.2ms | ActiveRecord: 1.2ms)


Started GET "/api/todos" for ::1 at 2022-03-10 15:28:15 -0800
Processing by Api::TodosController#index as JSON
  [1m[36mTodo Load (0.4ms)[0m  [1m[34mSELECT "todos".* FROM "todos"[0m
  ↳ app/controllers/api/todos_controller.rb:7
Completed 200 OK in 1ms (Views: 0.8ms | ActiveRecord: 0.4ms)


Started GET "/" for ::1 at 2022-03-10 15:38:26 -0800
Processing by StaticPagesController#root as HTML
  Rendering static_pages/root.html.erb within layouts/application
  Rendered static_pages/root.html.erb within layouts/application (0.3ms)
Completed 200 OK in 248ms (Views: 247.5ms | ActiveRecord: 0.0ms)


  [1m[35m (7.7ms)[0m  [1m[34mSELECT "schema_migrations"."version" FROM "schema_migrations" ORDER BY "schema_migrations"."version" ASC[0m
  ↳ bin/rails:9
  [1m[36mTodo Load (7.0ms)[0m  [1m[34mSELECT "todos".* FROM "todos"[0m
  ↳ db/seeds.rb:9
  [1m[35m (0.1ms)[0m  [1m[35mBEGIN[0m
  ↳ db/seeds.rb:9
  [1m[36mTodo Destroy (1.1ms)[0m  [1m[31mDELETE FROM "todos" WHERE "todos"."id" = $1[0m  [["id", 1]]
  ↳ db/seeds.rb:9
  [1m[35m (6.2ms)[0m  [1m[35mCOMMIT[0m
  ↳ db/seeds.rb:9
  [1m[35m (0.1ms)[0m  [1m[35mBEGIN[0m
  ↳ db/seeds.rb:11
  [1m[36mTodo Create (0.3ms)[0m  [1m[32mINSERT INTO "todos" ("id", "title", "body", "done", "created_at", "updated_at") VALUES ($1, $2, $3, $4, $5, $6) RETURNING "id"[0m  [["id", 1], ["title", "Rob the bank"], ["body", "they deserve it"], ["done", false], ["created_at", "2022-03-11 00:03:34.263921"], ["updated_at", "2022-03-11 00:03:34.263921"]]
  ↳ db/seeds.rb:11
  [1m[35m (0.3ms)[0m  [1m[35mCOMMIT[0m
  ↳ db/seeds.rb:11
  [1m[35m (0.1ms)[0m  [1m[35mBEGIN[0m
  ↳ db/seeds.rb:12
  [1m[36mTodo Create (0.2ms)[0m  [1m[32mINSERT INTO "todos" ("id", "title", "body", "done", "created_at", "updated_at") VALUES ($1, $2, $3, $4, $5, $6) RETURNING "id"[0m  [["id", 2], ["title", "2Rob the bank2"], ["body", "2they deserve it2"], ["done", false], ["created_at", "2022-03-11 00:03:34.265604"], ["updated_at", "2022-03-11 00:03:34.265604"]]
  ↳ db/seeds.rb:12
  [1m[35m (0.3ms)[0m  [1m[35mCOMMIT[0m
  ↳ db/seeds.rb:12
  [1m[35m (0.1ms)[0m  [1m[35mBEGIN[0m
  ↳ db/seeds.rb:13
  [1m[36mTodo Create (0.3ms)[0m  [1m[32mINSERT INTO "todos" ("id", "title", "body", "done", "created_at", "updated_at") VALUES ($1, $2, $3, $4, $5, $6) RETURNING "id"[0m  [["id", 3], ["title", "3Rob the bank3"], ["body", "3they deserve it3"], ["done", false], ["created_at", "2022-03-11 00:03:34.267419"], ["updated_at", "2022-03-11 00:03:34.267419"]]
  ↳ db/seeds.rb:13
  [1m[35m (0.3ms)[0m  [1m[35mCOMMIT[0m
  ↳ db/seeds.rb:13
Started GET "/users" for ::1 at 2022-03-10 16:04:21 -0800
  [1m[35m (0.5ms)[0m  [1m[34mSELECT "schema_migrations"."version" FROM "schema_migrations" ORDER BY "schema_migrations"."version" ASC[0m
  ↳ /home/jesse/.rbenv/versions/2.5.1/lib/ruby/gems/2.5.0/gems/activerecord-5.2.6.3/lib/active_record/log_subscriber.rb:98
  
ActionController::RoutingError (No route matches [GET] "/users"):
  
actionpack (5.2.6.3) lib/action_dispatch/middleware/debug_exceptions.rb:65:in `call'
web-console (3.7.0) lib/web_console/middleware.rb:135:in `call_app'
web-console (3.7.0) lib/web_console/middleware.rb:30:in `block in call'
web-console (3.7.0) lib/web_console/middleware.rb:20:in `catch'
web-console (3.7.0) lib/web_console/middleware.rb:20:in `call'
actionpack (5.2.6.3) lib/action_dispatch/middleware/show_exceptions.rb:33:in `call'
railties (5.2.6.3) lib/rails/rack/logger.rb:38:in `call_app'
railties (5.2.6.3) lib/rails/rack/logger.rb:26:in `block in call'
activesupport (5.2.6.3) lib/active_support/tagged_logging.rb:71:in `block in tagged'
activesupport (5.2.6.3) lib/active_support/tagged_logging.rb:28:in `tagged'
activesupport (5.2.6.3) lib/active_support/tagged_logging.rb:71:in `tagged'
railties (5.2.6.3) lib/rails/rack/logger.rb:26:in `call'
sprockets-rails (3.4.2) lib/sprockets/rails/quiet_assets.rb:13:in `call'
actionpack (5.2.6.3) lib/action_dispatch/middleware/remote_ip.rb:81:in `call'
actionpack (5.2.6.3) lib/action_dispatch/middleware/request_id.rb:27:in `call'
rack (2.2.3) lib/rack/method_override.rb:24:in `call'
rack (2.2.3) lib/rack/runtime.rb:22:in `call'
activesupport (5.2.6.3) lib/active_support/cache/strategy/local_cache_middleware.rb:29:in `call'
actionpack (5.2.6.3) lib/action_dispatch/middleware/executor.rb:14:in `call'
actionpack (5.2.6.3) lib/action_dispatch/middleware/static.rb:127:in `call'
rack (2.2.3) lib/rack/sendfile.rb:110:in `call'
railties (5.2.6.3) lib/rails/engine.rb:524:in `call'
puma (3.12.6) lib/puma/configuration.rb:227:in `call'
puma (3.12.6) lib/puma/server.rb:706:in `handle_request'
puma (3.12.6) lib/puma/server.rb:476:in `process_client'
puma (3.12.6) lib/puma/server.rb:334:in `block in run'
puma (3.12.6) lib/puma/thread_pool.rb:135:in `block in spawn_thread'
Started GET "/" for ::1 at 2022-03-10 16:04:24 -0800
Processing by StaticPagesController#root as HTML
  Rendering static_pages/root.html.erb within layouts/application
  Rendered static_pages/root.html.erb within layouts/application (0.4ms)
Completed 200 OK in 2228ms (Views: 2227.8ms | ActiveRecord: 0.0ms)


  
ActionController::RoutingError (No route matches [GET] "/assets/bundle.js-41714625ccd78c08947c10c64f1b3731c41929f70321c1ebce642cae357ad3f8.map"):
  
actionpack (5.2.6.3) lib/action_dispatch/middleware/debug_exceptions.rb:65:in `call'
web-console (3.7.0) lib/web_console/middleware.rb:135:in `call_app'
web-console (3.7.0) lib/web_console/middleware.rb:30:in `block in call'
web-console (3.7.0) lib/web_console/middleware.rb:20:in `catch'
web-console (3.7.0) lib/web_console/middleware.rb:20:in `call'
actionpack (5.2.6.3) lib/action_dispatch/middleware/show_exceptions.rb:33:in `call'
railties (5.2.6.3) lib/rails/rack/logger.rb:38:in `call_app'
railties (5.2.6.3) lib/rails/rack/logger.rb:26:in `block in call'
activesupport (5.2.6.3) lib/active_support/tagged_logging.rb:71:in `block in tagged'
activesupport (5.2.6.3) lib/active_support/tagged_logging.rb:28:in `tagged'
activesupport (5.2.6.3) lib/active_support/tagged_logging.rb:71:in `tagged'
railties (5.2.6.3) lib/rails/rack/logger.rb:26:in `call'
sprockets-rails (3.4.2) lib/sprockets/rails/quiet_assets.rb:11:in `block in call'
activesupport (5.2.6.3) lib/active_support/logger_silence.rb:21:in `silence'
activesupport (5.2.6.3) lib/active_support/logger.rb:65:in `block (3 levels) in broadcast'
activesupport (5.2.6.3) lib/active_support/logger_silence.rb:21:in `silence'
activesupport (5.2.6.3) lib/active_support/logger.rb:63:in `block (2 levels) in broadcast'
sprockets-rails (3.4.2) lib/sprockets/rails/quiet_assets.rb:11:in `call'
actionpack (5.2.6.3) lib/action_dispatch/middleware/remote_ip.rb:81:in `call'
actionpack (5.2.6.3) lib/action_dispatch/middleware/request_id.rb:27:in `call'
rack (2.2.3) lib/rack/method_override.rb:24:in `call'
rack (2.2.3) lib/rack/runtime.rb:22:in `call'
activesupport (5.2.6.3) lib/active_support/cache/strategy/local_cache_middleware.rb:29:in `call'
actionpack (5.2.6.3) lib/action_dispatch/middleware/executor.rb:14:in `call'
actionpack (5.2.6.3) lib/action_dispatch/middleware/static.rb:127:in `call'
rack (2.2.3) lib/rack/sendfile.rb:110:in `call'
railties (5.2.6.3) lib/rails/engine.rb:524:in `call'
puma (3.12.6) lib/puma/configuration.rb:227:in `call'
puma (3.12.6) lib/puma/server.rb:706:in `handle_request'
puma (3.12.6) lib/puma/server.rb:476:in `process_client'
puma (3.12.6) lib/puma/server.rb:334:in `block in run'
puma (3.12.6) lib/puma/thread_pool.rb:135:in `block in spawn_thread'
Started GET "/api/todos" for ::1 at 2022-03-10 16:10:39 -0800
Processing by Api::TodosController#index as JSON
  [1m[36mTodo Load (7.2ms)[0m  [1m[34mSELECT "todos".* FROM "todos"[0m
  ↳ app/controllers/api/todos_controller.rb:7
Completed 200 OK in 22ms (Views: 5.5ms | ActiveRecord: 12.3ms)


Started GET "/api/todos" for ::1 at 2022-03-10 16:11:01 -0800
Processing by Api::TodosController#index as JSON
  [1m[36mTodo Load (0.3ms)[0m  [1m[34mSELECT "todos".* FROM "todos"[0m
  ↳ app/controllers/api/todos_controller.rb:7
Completed 200 OK in 3ms (Views: 2.2ms | ActiveRecord: 0.3ms)


Started GET "/" for ::1 at 2022-03-10 16:12:14 -0800
Processing by StaticPagesController#root as HTML
  Rendering static_pages/root.html.erb within layouts/application
  Rendered static_pages/root.html.erb within layouts/application (0.3ms)
Completed 200 OK in 667ms (Views: 666.9ms | ActiveRecord: 0.0ms)


Started GET "/" for ::1 at 2022-03-10 16:12:30 -0800
Processing by StaticPagesController#root as HTML
  Rendering static_pages/root.html.erb within layouts/application
  Rendered static_pages/root.html.erb within layouts/application (0.2ms)
Completed 200 OK in 395ms (Views: 394.5ms | ActiveRecord: 0.0ms)


Started GET "/" for ::1 at 2022-03-10 16:15:37 -0800
Processing by StaticPagesController#root as HTML
  Rendering static_pages/root.html.erb within layouts/application
  Rendered static_pages/root.html.erb within layouts/application (0.2ms)
Completed 200 OK in 347ms (Views: 347.0ms | ActiveRecord: 0.0ms)


Started GET "/" for ::1 at 2022-03-10 16:17:04 -0800
Processing by StaticPagesController#root as HTML
  Rendering static_pages/root.html.erb within layouts/application
  Rendered static_pages/root.html.erb within layouts/application (0.2ms)
Completed 200 OK in 354ms (Views: 354.2ms | ActiveRecord: 0.0ms)


Started GET "/api/todos" for ::1 at 2022-03-10 16:17:08 -0800
Processing by Api::TodosController#index as JSON
  [1m[36mTodo Load (0.3ms)[0m  [1m[34mSELECT "todos".* FROM "todos"[0m
  ↳ app/controllers/api/todos_controller.rb:7
Completed 200 OK in 3ms (Views: 2.2ms | ActiveRecord: 0.3ms)


  [1m[36mTodo Load (10.2ms)[0m  [1m[34mSELECT "todos".* FROM "todos"[0m
Started GET "/" for ::1 at 2022-03-10 16:29:26 -0800
Processing by StaticPagesController#root as HTML
  Rendering static_pages/root.html.erb within layouts/application
  Rendered static_pages/root.html.erb within layouts/application (0.2ms)
Completed 200 OK in 373ms (Views: 373.3ms | ActiveRecord: 0.0ms)


Started POST "/api/todos" for ::1 at 2022-03-10 16:30:04 -0800
Processing by Api::TodosController#create as JSON
  Parameters: {"todo"=>{"id"=>"4", "title"=>"sayHello"}}
Unpermitted parameter: :id
  [1m[35m (0.1ms)[0m  [1m[35mBEGIN[0m
  ↳ app/controllers/api/todos_controller.rb:12
  [1m[35m (0.6ms)[0m  [1m[31mROLLBACK[0m
  ↳ app/controllers/api/todos_controller.rb:12
Completed 422 Unprocessable Entity in 86ms (Views: 0.2ms | ActiveRecord: 0.8ms)


Started POST "/api/todos" for ::1 at 2022-03-10 16:30:32 -0800
Processing by Api::TodosController#create as JSON
  Parameters: {"todo"=>{"id"=>"4", "title"=>"sayHello", "body"=>"Hello!", "done"=>"true"}}
Unpermitted parameter: :id
  [1m[35m (0.2ms)[0m  [1m[35mBEGIN[0m
  ↳ app/controllers/api/todos_controller.rb:12
  [1m[36mTodo Create (1.9ms)[0m  [1m[32mINSERT INTO "todos" ("title", "body", "done", "created_at", "updated_at") VALUES ($1, $2, $3, $4, $5) RETURNING "id"[0m  [["title", "sayHello"], ["body", "Hello!"], ["done", true], ["created_at", "2022-03-11 00:30:32.683793"], ["updated_at", "2022-03-11 00:30:32.683793"]]
  ↳ app/controllers/api/todos_controller.rb:12
  [1m[35m (0.2ms)[0m  [1m[31mROLLBACK[0m
  ↳ app/controllers/api/todos_controller.rb:12
Completed 500 Internal Server Error in 21ms (ActiveRecord: 8.4ms)



ActiveRecord::RecordNotUnique - PG::UniqueViolation: ERROR:  duplicate key value violates unique constraint "todos_pkey"
DETAIL:  Key (id)=(1) already exists.
: INSERT INTO "todos" ("title", "body", "done", "created_at", "updated_at") VALUES ($1, $2, $3, $4, $5) RETURNING "id":
  app/controllers/api/todos_controller.rb:12:in `create'

Started POST "/api/todos" for ::1 at 2022-03-10 16:31:08 -0800
Processing by Api::TodosController#create as JSON
  Parameters: {"todo"=>{"id"=>"600", "title"=>"sayHello", "body"=>"Hello!", "done"=>"true"}}
Unpermitted parameter: :id
  [1m[35m (0.2ms)[0m  [1m[35mBEGIN[0m
  ↳ app/controllers/api/todos_controller.rb:12
  [1m[36mTodo Create (1.7ms)[0m  [1m[32mINSERT INTO "todos" ("title", "body", "done", "created_at", "updated_at") VALUES ($1, $2, $3, $4, $5) RETURNING "id"[0m  [["title", "sayHello"], ["body", "Hello!"], ["done", true], ["created_at", "2022-03-11 00:31:08.276300"], ["updated_at", "2022-03-11 00:31:08.276300"]]
  ↳ app/controllers/api/todos_controller.rb:12
  [1m[35m (0.2ms)[0m  [1m[31mROLLBACK[0m
  ↳ app/controllers/api/todos_controller.rb:12
Completed 500 Internal Server Error in 8ms (ActiveRecord: 2.0ms)



ActiveRecord::RecordNotUnique - PG::UniqueViolation: ERROR:  duplicate key value violates unique constraint "todos_pkey"
DETAIL:  Key (id)=(2) already exists.
: INSERT INTO "todos" ("title", "body", "done", "created_at", "updated_at") VALUES ($1, $2, $3, $4, $5) RETURNING "id":
  app/controllers/api/todos_controller.rb:12:in `create'

Started POST "/api/todos" for ::1 at 2022-03-10 16:31:25 -0800
Processing by Api::TodosController#create as JSON
  Parameters: {"todo"=>{"id"=>"600", "title"=>"sayHello", "body"=>"Hello!", "done"=>"true"}}
Unpermitted parameter: :id
  [1m[35m (0.2ms)[0m  [1m[35mBEGIN[0m
  ↳ app/controllers/api/todos_controller.rb:12
  [1m[36mTodo Create (1.4ms)[0m  [1m[32mINSERT INTO "todos" ("title", "body", "done", "created_at", "updated_at") VALUES ($1, $2, $3, $4, $5) RETURNING "id"[0m  [["title", "sayHello"], ["body", "Hello!"], ["done", true], ["created_at", "2022-03-11 00:31:25.412633"], ["updated_at", "2022-03-11 00:31:25.412633"]]
  ↳ app/controllers/api/todos_controller.rb:12
  [1m[35m (0.2ms)[0m  [1m[31mROLLBACK[0m
  ↳ app/controllers/api/todos_controller.rb:12
Completed 500 Internal Server Error in 6ms (ActiveRecord: 1.8ms)



ActiveRecord::RecordNotUnique - PG::UniqueViolation: ERROR:  duplicate key value violates unique constraint "todos_pkey"
DETAIL:  Key (id)=(3) already exists.
: INSERT INTO "todos" ("title", "body", "done", "created_at", "updated_at") VALUES ($1, $2, $3, $4, $5) RETURNING "id":
  app/controllers/api/todos_controller.rb:12:in `create'

Started POST "/api/todos" for ::1 at 2022-03-10 16:31:26 -0800
Processing by Api::TodosController#create as JSON
  Parameters: {"todo"=>{"id"=>"600", "title"=>"sayHello", "body"=>"Hello!", "done"=>"true"}}
Unpermitted parameter: :id
  [1m[35m (0.2ms)[0m  [1m[35mBEGIN[0m
  ↳ app/controllers/api/todos_controller.rb:12
  [1m[36mTodo Create (0.3ms)[0m  [1m[32mINSERT INTO "todos" ("title", "body", "done", "created_at", "updated_at") VALUES ($1, $2, $3, $4, $5) RETURNING "id"[0m  [["title", "sayHello"], ["body", "Hello!"], ["done", true], ["created_at", "2022-03-11 00:31:26.092715"], ["updated_at", "2022-03-11 00:31:26.092715"]]
  ↳ app/controllers/api/todos_controller.rb:12
  [1m[35m (7.5ms)[0m  [1m[35mCOMMIT[0m
  ↳ app/controllers/api/todos_controller.rb:12
Completed 200 OK in 13ms (Views: 0.4ms | ActiveRecord: 8.0ms)


Started GET "/" for ::1 at 2022-03-10 16:31:56 -0800
Processing by StaticPagesController#root as HTML
  Rendering static_pages/root.html.erb within layouts/application
  Rendered static_pages/root.html.erb within layouts/application (0.4ms)
Completed 200 OK in 36ms (Views: 36.3ms | ActiveRecord: 0.0ms)


Started POST "/api/todos" for ::1 at 2022-03-10 16:31:59 -0800
Processing by Api::TodosController#create as JSON
  Parameters: {"todo"=>{"id"=>"600", "title"=>"sayHello", "body"=>"Hello!", "done"=>"true"}}
Unpermitted parameter: :id
  [1m[35m (0.3ms)[0m  [1m[35mBEGIN[0m
  ↳ app/controllers/api/todos_controller.rb:12
  [1m[36mTodo Create (0.3ms)[0m  [1m[32mINSERT INTO "todos" ("title", "body", "done", "created_at", "updated_at") VALUES ($1, $2, $3, $4, $5) RETURNING "id"[0m  [["title", "sayHello"], ["body", "Hello!"], ["done", true], ["created_at", "2022-03-11 00:31:59.840685"], ["updated_at", "2022-03-11 00:31:59.840685"]]
  ↳ app/controllers/api/todos_controller.rb:12
  [1m[35m (0.4ms)[0m  [1m[35mCOMMIT[0m
  ↳ app/controllers/api/todos_controller.rb:12
Completed 200 OK in 7ms (Views: 0.4ms | ActiveRecord: 1.0ms)


Started GET "/" for ::1 at 2022-03-10 16:32:18 -0800
Processing by StaticPagesController#root as HTML
  Rendering static_pages/root.html.erb within layouts/application
  Rendered static_pages/root.html.erb within layouts/application (0.2ms)
Completed 200 OK in 30ms (Views: 30.1ms | ActiveRecord: 0.0ms)


  [1m[36mTodo Load (0.5ms)[0m  [1m[34mSELECT "todos".* FROM "todos"[0m
Started POST "/api/todos" for ::1 at 2022-03-10 16:35:27 -0800
Processing by Api::TodosController#create as JSON
  Parameters: {"todo"=>{"id"=>"600", "title"=>"sayHello", "body"=>"Hello!", "done"=>"true"}}
Unpermitted parameter: :id
  [1m[35m (0.2ms)[0m  [1m[35mBEGIN[0m
  ↳ app/controllers/api/todos_controller.rb:12
  [1m[36mTodo Create (0.4ms)[0m  [1m[32mINSERT INTO "todos" ("title", "body", "done", "created_at", "updated_at") VALUES ($1, $2, $3, $4, $5) RETURNING "id"[0m  [["title", "sayHello"], ["body", "Hello!"], ["done", true], ["created_at", "2022-03-11 00:35:27.535746"], ["updated_at", "2022-03-11 00:35:27.535746"]]
  ↳ app/controllers/api/todos_controller.rb:12
  [1m[35m (0.4ms)[0m  [1m[35mCOMMIT[0m
  ↳ app/controllers/api/todos_controller.rb:12
Completed 200 OK in 8ms (Views: 0.5ms | ActiveRecord: 1.0ms)


  [1m[36mTodo Load (0.7ms)[0m  [1m[34mSELECT "todos".* FROM "todos"[0m
Started GET "/" for ::1 at 2022-03-10 16:42:21 -0800
Processing by StaticPagesController#root as HTML
  Rendering static_pages/root.html.erb within layouts/application
  Rendered static_pages/root.html.erb within layouts/application (0.2ms)
Completed 200 OK in 326ms (Views: 325.5ms | ActiveRecord: 0.0ms)


Started POST "/api/todos" for ::1 at 2022-03-10 16:42:31 -0800
Processing by Api::TodosController#create as JSON
  Parameters: {"todo"=>{"id"=>"1646959341748", "title"=>"New task!", "body"=>"task body", "done"=>"false"}}
Unpermitted parameter: :id
  [1m[35m (0.1ms)[0m  [1m[35mBEGIN[0m
  ↳ app/controllers/api/todos_controller.rb:12
  [1m[36mTodo Create (24.1ms)[0m  [1m[32mINSERT INTO "todos" ("title", "body", "done", "created_at", "updated_at") VALUES ($1, $2, $3, $4, $5) RETURNING "id"[0m  [["title", "New task!"], ["body", "task body"], ["done", false], ["created_at", "2022-03-11 00:42:31.178963"], ["updated_at", "2022-03-11 00:42:31.178963"]]
  ↳ app/controllers/api/todos_controller.rb:12
  [1m[35m (6.2ms)[0m  [1m[35mCOMMIT[0m
  ↳ app/controllers/api/todos_controller.rb:12
Completed 200 OK in 35ms (Views: 0.4ms | ActiveRecord: 30.5ms)


  [1m[36mTodo Load (0.6ms)[0m  [1m[34mSELECT "todos".* FROM "todos"[0m
Started GET "/" for ::1 at 2022-03-10 16:44:59 -0800
Processing by StaticPagesController#root as HTML
  Rendering static_pages/root.html.erb within layouts/application
  Rendered static_pages/root.html.erb within layouts/application (0.2ms)
Completed 200 OK in 325ms (Views: 324.4ms | ActiveRecord: 0.0ms)


Started GET "/" for ::1 at 2022-03-10 16:46:02 -0800
Processing by StaticPagesController#root as HTML
  Rendering static_pages/root.html.erb within layouts/application
  Rendered static_pages/root.html.erb within layouts/application (0.2ms)
Completed 200 OK in 318ms (Views: 317.4ms | ActiveRecord: 0.0ms)


Started GET "/api/todos" for ::1 at 2022-03-10 16:46:03 -0800
Processing by Api::TodosController#index as JSON
  [1m[36mTodo Load (8.8ms)[0m  [1m[34mSELECT "todos".* FROM "todos"[0m
  ↳ app/controllers/api/todos_controller.rb:7
Completed 200 OK in 14ms (Views: 5.1ms | ActiveRecord: 8.8ms)


Started GET "/" for ::1 at 2022-03-10 16:46:05 -0800
Processing by StaticPagesController#root as HTML
  Rendering static_pages/root.html.erb within layouts/application
  Rendered static_pages/root.html.erb within layouts/application (0.2ms)
Completed 200 OK in 38ms (Views: 37.4ms | ActiveRecord: 0.0ms)


Started GET "/api/todos" for ::1 at 2022-03-10 16:46:05 -0800
Processing by Api::TodosController#index as JSON
  [1m[36mTodo Load (0.4ms)[0m  [1m[34mSELECT "todos".* FROM "todos"[0m
  ↳ app/controllers/api/todos_controller.rb:7
Completed 200 OK in 6ms (Views: 5.0ms | ActiveRecord: 0.4ms)


Started GET "/" for ::1 at 2022-03-10 16:46:05 -0800
Processing by StaticPagesController#root as HTML
  Rendering static_pages/root.html.erb within layouts/application
  Rendered static_pages/root.html.erb within layouts/application (0.2ms)
Completed 200 OK in 33ms (Views: 33.2ms | ActiveRecord: 0.0ms)


Started GET "/api/todos" for ::1 at 2022-03-10 16:46:05 -0800
Processing by Api::TodosController#index as JSON
  [1m[36mTodo Load (0.5ms)[0m  [1m[34mSELECT "todos".* FROM "todos"[0m
  ↳ app/controllers/api/todos_controller.rb:7
Completed 200 OK in 6ms (Views: 5.2ms | ActiveRecord: 0.5ms)


Started POST "/api/todos" for ::1 at 2022-03-10 16:46:30 -0800
Processing by Api::TodosController#create as JSON
  Parameters: {"todo"=>{"id"=>"1646959565623", "title"=>"sssssssssss", "body"=>"sssssssssssssssssssss", "done"=>"false"}}
Unpermitted parameter: :id
  [1m[35m (0.2ms)[0m  [1m[35mBEGIN[0m
  ↳ app/controllers/api/todos_controller.rb:12
  [1m[36mTodo Create (0.3ms)[0m  [1m[32mINSERT INTO "todos" ("title", "body", "done", "created_at", "updated_at") VALUES ($1, $2, $3, $4, $5) RETURNING "id"[0m  [["title", "sssssssssss"], ["body", "sssssssssssssssssssss"], ["done", false], ["created_at", "2022-03-11 00:46:30.223106"], ["updated_at", "2022-03-11 00:46:30.223106"]]
  ↳ app/controllers/api/todos_controller.rb:12
  [1m[35m (0.3ms)[0m  [1m[35mCOMMIT[0m
  ↳ app/controllers/api/todos_controller.rb:12
Completed 200 OK in 5ms (Views: 0.4ms | ActiveRecord: 0.8ms)


Started GET "/" for ::1 at 2022-03-10 16:47:15 -0800
Processing by StaticPagesController#root as HTML
  Rendering static_pages/root.html.erb within layouts/application
  Rendered static_pages/root.html.erb within layouts/application (0.3ms)
Completed 200 OK in 328ms (Views: 328.1ms | ActiveRecord: 0.0ms)


Started GET "/api/todos" for ::1 at 2022-03-10 16:48:02 -0800
Processing by Api::TodosController#index as JSON
  [1m[36mTodo Load (0.5ms)[0m  [1m[34mSELECT "todos".* FROM "todos"[0m
  ↳ app/controllers/api/todos_controller.rb:7
Completed 200 OK in 9ms (Views: 7.9ms | ActiveRecord: 0.5ms)


Started POST "/api/todos" for ::1 at 2022-03-10 16:48:27 -0800
Processing by Api::TodosController#create as JSON
  Parameters: {"todo"=>{"id"=>"600", "title"=>"sayHello", "body"=>"Hello!", "done"=>"true"}}
Unpermitted parameter: :id
  [1m[35m (0.1ms)[0m  [1m[35mBEGIN[0m
  ↳ app/controllers/api/todos_controller.rb:12
  [1m[36mTodo Create (0.3ms)[0m  [1m[32mINSERT INTO "todos" ("title", "body", "done", "created_at", "updated_at") VALUES ($1, $2, $3, $4, $5) RETURNING "id"[0m  [["title", "sayHello"], ["body", "Hello!"], ["done", true], ["created_at", "2022-03-11 00:48:27.974714"], ["updated_at", "2022-03-11 00:48:27.974714"]]
  ↳ app/controllers/api/todos_controller.rb:12
  [1m[35m (0.6ms)[0m  [1m[35mCOMMIT[0m
  ↳ app/controllers/api/todos_controller.rb:12
Completed 200 OK in 9ms (Views: 0.6ms | ActiveRecord: 1.1ms)


Started GET "/api/todos" for ::1 at 2022-03-10 16:48:37 -0800
Processing by Api::TodosController#index as JSON
  [1m[36mTodo Load (0.3ms)[0m  [1m[34mSELECT "todos".* FROM "todos"[0m
  ↳ app/controllers/api/todos_controller.rb:7
Completed 200 OK in 5ms (Views: 3.9ms | ActiveRecord: 0.3ms)


Started GET "/" for ::1 at 2022-03-10 16:50:09 -0800
Processing by StaticPagesController#root as HTML
  Rendering static_pages/root.html.erb within layouts/application
  Rendered static_pages/root.html.erb within layouts/application (0.4ms)
Completed 200 OK in 330ms (Views: 330.1ms | ActiveRecord: 0.0ms)


Started GET "/api/todos" for ::1 at 2022-03-10 16:50:10 -0800
Processing by Api::TodosController#index as JSON
  [1m[36mTodo Load (0.3ms)[0m  [1m[34mSELECT "todos".* FROM "todos"[0m
  ↳ app/controllers/api/todos_controller.rb:7
Completed 200 OK in 4ms (Views: 3.6ms | ActiveRecord: 0.3ms)


Started GET "/api/todos" for ::1 at 2022-03-10 16:50:10 -0800
Processing by Api::TodosController#index as JSON
  [1m[36mTodo Load (0.4ms)[0m  [1m[34mSELECT "todos".* FROM "todos"[0m
  ↳ app/controllers/api/todos_controller.rb:7
Completed 200 OK in 7ms (Views: 6.1ms | ActiveRecord: 0.4ms)


Started GET "/" for ::1 at 2022-03-10 16:51:54 -0800
Processing by StaticPagesController#root as HTML
  Rendering static_pages/root.html.erb within layouts/application
  Rendered static_pages/root.html.erb within layouts/application (0.4ms)
Completed 200 OK in 339ms (Views: 338.8ms | ActiveRecord: 0.0ms)


Started GET "/api/todos" for ::1 at 2022-03-10 16:51:54 -0800
Processing by Api::TodosController#index as JSON
  [1m[36mTodo Load (0.3ms)[0m  [1m[34mSELECT "todos".* FROM "todos"[0m
  ↳ app/controllers/api/todos_controller.rb:7
Completed 200 OK in 6ms (Views: 5.8ms | ActiveRecord: 0.3ms)


Started GET "/api/todos" for ::1 at 2022-03-10 16:51:54 -0800
Processing by Api::TodosController#index as JSON
  [1m[36mTodo Load (0.5ms)[0m  [1m[34mSELECT "todos".* FROM "todos"[0m
  ↳ app/controllers/api/todos_controller.rb:7
Completed 200 OK in 5ms (Views: 4.3ms | ActiveRecord: 0.5ms)


Started GET "/" for ::1 at 2022-03-10 16:51:56 -0800
Processing by StaticPagesController#root as HTML
  Rendering static_pages/root.html.erb within layouts/application
  Rendered static_pages/root.html.erb within layouts/application (0.2ms)
Completed 200 OK in 37ms (Views: 36.8ms | ActiveRecord: 0.0ms)


Started GET "/api/todos" for ::1 at 2022-03-10 16:51:57 -0800
Processing by Api::TodosController#index as JSON
  [1m[36mTodo Load (0.4ms)[0m  [1m[34mSELECT "todos".* FROM "todos"[0m
  ↳ app/controllers/api/todos_controller.rb:7
Completed 200 OK in 5ms (Views: 4.7ms | ActiveRecord: 0.4ms)


Started GET "/api/todos" for ::1 at 2022-03-10 16:51:57 -0800
Processing by Api::TodosController#index as JSON
  [1m[36mTodo Load (4.8ms)[0m  [1m[34mSELECT "todos".* FROM "todos"[0m
  ↳ app/controllers/api/todos_controller.rb:7
Completed 200 OK in 16ms (Views: 11.0ms | ActiveRecord: 4.8ms)


Started POST "/api/todos" for ::1 at 2022-03-10 16:52:11 -0800
Processing by Api::TodosController#create as JSON
  Parameters: {"todo"=>{"id"=>"1646959917187", "title"=>"asdwewdwsad", "body"=>"asdasdasdasda", "done"=>"false"}}
Unpermitted parameter: :id
  [1m[35m (0.1ms)[0m  [1m[35mBEGIN[0m
  ↳ app/controllers/api/todos_controller.rb:12
  [1m[36mTodo Create (0.3ms)[0m  [1m[32mINSERT INTO "todos" ("title", "body", "done", "created_at", "updated_at") VALUES ($1, $2, $3, $4, $5) RETURNING "id"[0m  [["title", "asdwewdwsad"], ["body", "asdasdasdasda"], ["done", false], ["created_at", "2022-03-11 00:52:11.596919"], ["updated_at", "2022-03-11 00:52:11.596919"]]
  ↳ app/controllers/api/todos_controller.rb:12
  [1m[35m (0.3ms)[0m  [1m[35mCOMMIT[0m
  ↳ app/controllers/api/todos_controller.rb:12
Completed 200 OK in 5ms (Views: 0.2ms | ActiveRecord: 0.7ms)


Started GET "/" for ::1 at 2022-03-10 16:53:14 -0800
Processing by StaticPagesController#root as HTML
  Rendering static_pages/root.html.erb within layouts/application
  Rendered static_pages/root.html.erb within layouts/application (0.2ms)
Completed 200 OK in 297ms (Views: 296.5ms | ActiveRecord: 0.0ms)


Started GET "/api/todos" for ::1 at 2022-03-10 16:53:15 -0800
Processing by Api::TodosController#index as JSON
  [1m[36mTodo Load (0.4ms)[0m  [1m[34mSELECT "todos".* FROM "todos"[0m
  ↳ app/controllers/api/todos_controller.rb:7
Completed 200 OK in 8ms (Views: 7.1ms | ActiveRecord: 0.4ms)


Started GET "/" for ::1 at 2022-03-10 16:54:59 -0800
Processing by StaticPagesController#root as HTML
  Rendering static_pages/root.html.erb within layouts/application
  Rendered static_pages/root.html.erb within layouts/application (0.4ms)
Completed 200 OK in 40ms (Views: 39.9ms | ActiveRecord: 0.0ms)


  
ActionController::RoutingError (No route matches [GET] "/assets/bundle.js-ec22f48762d946b76047047be2816077982d20419a9e5031265ae2ef5aa31430.map"):
  
actionpack (5.2.6.3) lib/action_dispatch/middleware/debug_exceptions.rb:65:in `call'
web-console (3.7.0) lib/web_console/middleware.rb:135:in `call_app'
web-console (3.7.0) lib/web_console/middleware.rb:30:in `block in call'
web-console (3.7.0) lib/web_console/middleware.rb:20:in `catch'
web-console (3.7.0) lib/web_console/middleware.rb:20:in `call'
actionpack (5.2.6.3) lib/action_dispatch/middleware/show_exceptions.rb:33:in `call'
railties (5.2.6.3) lib/rails/rack/logger.rb:38:in `call_app'
railties (5.2.6.3) lib/rails/rack/logger.rb:26:in `block in call'
activesupport (5.2.6.3) lib/active_support/tagged_logging.rb:71:in `block in tagged'
activesupport (5.2.6.3) lib/active_support/tagged_logging.rb:28:in `tagged'
activesupport (5.2.6.3) lib/active_support/tagged_logging.rb:71:in `tagged'
railties (5.2.6.3) lib/rails/rack/logger.rb:26:in `call'
sprockets-rails (3.4.2) lib/sprockets/rails/quiet_assets.rb:11:in `block in call'
activesupport (5.2.6.3) lib/active_support/logger_silence.rb:21:in `silence'
activesupport (5.2.6.3) lib/active_support/logger.rb:65:in `block (3 levels) in broadcast'
activesupport (5.2.6.3) lib/active_support/logger_silence.rb:21:in `silence'
activesupport (5.2.6.3) lib/active_support/logger.rb:63:in `block (2 levels) in broadcast'
sprockets-rails (3.4.2) lib/sprockets/rails/quiet_assets.rb:11:in `call'
actionpack (5.2.6.3) lib/action_dispatch/middleware/remote_ip.rb:81:in `call'
actionpack (5.2.6.3) lib/action_dispatch/middleware/request_id.rb:27:in `call'
rack (2.2.3) lib/rack/method_override.rb:24:in `call'
rack (2.2.3) lib/rack/runtime.rb:22:in `call'
activesupport (5.2.6.3) lib/active_support/cache/strategy/local_cache_middleware.rb:29:in `call'
actionpack (5.2.6.3) lib/action_dispatch/middleware/executor.rb:14:in `call'
actionpack (5.2.6.3) lib/action_dispatch/middleware/static.rb:127:in `call'
rack (2.2.3) lib/rack/sendfile.rb:110:in `call'
railties (5.2.6.3) lib/rails/engine.rb:524:in `call'
puma (3.12.6) lib/puma/configuration.rb:227:in `call'
puma (3.12.6) lib/puma/server.rb:706:in `handle_request'
puma (3.12.6) lib/puma/server.rb:476:in `process_client'
puma (3.12.6) lib/puma/server.rb:334:in `block in run'
puma (3.12.6) lib/puma/thread_pool.rb:135:in `block in spawn_thread'
Started GET "/api/todos" for ::1 at 2022-03-10 16:54:59 -0800
Processing by Api::TodosController#index as JSON
  [1m[36mTodo Load (11.8ms)[0m  [1m[34mSELECT "todos".* FROM "todos"[0m
  ↳ app/controllers/api/todos_controller.rb:7
Completed 200 OK in 16ms (Views: 3.9ms | ActiveRecord: 11.8ms)


Started GET "/" for ::1 at 2022-03-10 16:55:02 -0800
Processing by StaticPagesController#root as HTML
  Rendering static_pages/root.html.erb within layouts/application
  Rendered static_pages/root.html.erb within layouts/application (0.2ms)
Completed 200 OK in 40ms (Views: 39.8ms | ActiveRecord: 0.0ms)


  
ActionController::RoutingError (No route matches [GET] "/assets/bundle.js-ec22f48762d946b76047047be2816077982d20419a9e5031265ae2ef5aa31430.map"):
  
actionpack (5.2.6.3) lib/action_dispatch/middleware/debug_exceptions.rb:65:in `call'
web-console (3.7.0) lib/web_console/middleware.rb:135:in `call_app'
web-console (3.7.0) lib/web_console/middleware.rb:30:in `block in call'
web-console (3.7.0) lib/web_console/middleware.rb:20:in `catch'
web-console (3.7.0) lib/web_console/middleware.rb:20:in `call'
actionpack (5.2.6.3) lib/action_dispatch/middleware/show_exceptions.rb:33:in `call'
railties (5.2.6.3) lib/rails/rack/logger.rb:38:in `call_app'
railties (5.2.6.3) lib/rails/rack/logger.rb:26:in `block in call'
activesupport (5.2.6.3) lib/active_support/tagged_logging.rb:71:in `block in tagged'
activesupport (5.2.6.3) lib/active_support/tagged_logging.rb:28:in `tagged'
activesupport (5.2.6.3) lib/active_support/tagged_logging.rb:71:in `tagged'
railties (5.2.6.3) lib/rails/rack/logger.rb:26:in `call'
sprockets-rails (3.4.2) lib/sprockets/rails/quiet_assets.rb:11:in `block in call'
activesupport (5.2.6.3) lib/active_support/logger_silence.rb:21:in `silence'
activesupport (5.2.6.3) lib/active_support/logger.rb:65:in `block (3 levels) in broadcast'
activesupport (5.2.6.3) lib/active_support/logger_silence.rb:21:in `silence'
activesupport (5.2.6.3) lib/active_support/logger.rb:63:in `block (2 levels) in broadcast'
sprockets-rails (3.4.2) lib/sprockets/rails/quiet_assets.rb:11:in `call'
actionpack (5.2.6.3) lib/action_dispatch/middleware/remote_ip.rb:81:in `call'
actionpack (5.2.6.3) lib/action_dispatch/middleware/request_id.rb:27:in `call'
rack (2.2.3) lib/rack/method_override.rb:24:in `call'
rack (2.2.3) lib/rack/runtime.rb:22:in `call'
activesupport (5.2.6.3) lib/active_support/cache/strategy/local_cache_middleware.rb:29:in `call'
actionpack (5.2.6.3) lib/action_dispatch/middleware/executor.rb:14:in `call'
actionpack (5.2.6.3) lib/action_dispatch/middleware/static.rb:127:in `call'
rack (2.2.3) lib/rack/sendfile.rb:110:in `call'
railties (5.2.6.3) lib/rails/engine.rb:524:in `call'
puma (3.12.6) lib/puma/configuration.rb:227:in `call'
puma (3.12.6) lib/puma/server.rb:706:in `handle_request'
puma (3.12.6) lib/puma/server.rb:476:in `process_client'
puma (3.12.6) lib/puma/server.rb:334:in `block in run'
puma (3.12.6) lib/puma/thread_pool.rb:135:in `block in spawn_thread'
Started GET "/api/todos" for ::1 at 2022-03-10 16:55:02 -0800
Processing by Api::TodosController#index as JSON
  [1m[36mTodo Load (25.9ms)[0m  [1m[34mSELECT "todos".* FROM "todos"[0m
  ↳ app/controllers/api/todos_controller.rb:7
Completed 200 OK in 67ms (Views: 40.7ms | ActiveRecord: 25.9ms)


Started GET "/" for ::1 at 2022-03-10 16:55:02 -0800
Processing by StaticPagesController#root as HTML
  Rendering static_pages/root.html.erb within layouts/application
  Rendered static_pages/root.html.erb within layouts/application (0.3ms)
Completed 200 OK in 33ms (Views: 32.7ms | ActiveRecord: 0.0ms)


  
ActionController::RoutingError (No route matches [GET] "/assets/bundle.js-ec22f48762d946b76047047be2816077982d20419a9e5031265ae2ef5aa31430.map"):
  
actionpack (5.2.6.3) lib/action_dispatch/middleware/debug_exceptions.rb:65:in `call'
web-console (3.7.0) lib/web_console/middleware.rb:135:in `call_app'
web-console (3.7.0) lib/web_console/middleware.rb:30:in `block in call'
web-console (3.7.0) lib/web_console/middleware.rb:20:in `catch'
web-console (3.7.0) lib/web_console/middleware.rb:20:in `call'
actionpack (5.2.6.3) lib/action_dispatch/middleware/show_exceptions.rb:33:in `call'
railties (5.2.6.3) lib/rails/rack/logger.rb:38:in `call_app'
railties (5.2.6.3) lib/rails/rack/logger.rb:26:in `block in call'
activesupport (5.2.6.3) lib/active_support/tagged_logging.rb:71:in `block in tagged'
activesupport (5.2.6.3) lib/active_support/tagged_logging.rb:28:in `tagged'
activesupport (5.2.6.3) lib/active_support/tagged_logging.rb:71:in `tagged'
railties (5.2.6.3) lib/rails/rack/logger.rb:26:in `call'
sprockets-rails (3.4.2) lib/sprockets/rails/quiet_assets.rb:11:in `block in call'
activesupport (5.2.6.3) lib/active_support/logger_silence.rb:21:in `silence'
activesupport (5.2.6.3) lib/active_support/logger.rb:65:in `block (3 levels) in broadcast'
activesupport (5.2.6.3) lib/active_support/logger_silence.rb:21:in `silence'
activesupport (5.2.6.3) lib/active_support/logger.rb:63:in `block (2 levels) in broadcast'
sprockets-rails (3.4.2) lib/sprockets/rails/quiet_assets.rb:11:in `call'
actionpack (5.2.6.3) lib/action_dispatch/middleware/remote_ip.rb:81:in `call'
actionpack (5.2.6.3) lib/action_dispatch/middleware/request_id.rb:27:in `call'
rack (2.2.3) lib/rack/method_override.rb:24:in `call'
rack (2.2.3) lib/rack/runtime.rb:22:in `call'
activesupport (5.2.6.3) lib/active_support/cache/strategy/local_cache_middleware.rb:29:in `call'
actionpack (5.2.6.3) lib/action_dispatch/middleware/executor.rb:14:in `call'
actionpack (5.2.6.3) lib/action_dispatch/middleware/static.rb:127:in `call'
rack (2.2.3) lib/rack/sendfile.rb:110:in `call'
railties (5.2.6.3) lib/rails/engine.rb:524:in `call'
puma (3.12.6) lib/puma/configuration.rb:227:in `call'
puma (3.12.6) lib/puma/server.rb:706:in `handle_request'
puma (3.12.6) lib/puma/server.rb:476:in `process_client'
puma (3.12.6) lib/puma/server.rb:334:in `block in run'
puma (3.12.6) lib/puma/thread_pool.rb:135:in `block in spawn_thread'
Started GET "/api/todos" for ::1 at 2022-03-10 16:55:03 -0800
Processing by Api::TodosController#index as JSON
  [1m[36mTodo Load (0.5ms)[0m  [1m[34mSELECT "todos".* FROM "todos"[0m
  ↳ app/controllers/api/todos_controller.rb:7
Completed 200 OK in 40ms (Views: 39.4ms | ActiveRecord: 0.5ms)


Started GET "/" for ::1 at 2022-03-10 16:55:03 -0800
Processing by StaticPagesController#root as HTML
  Rendering static_pages/root.html.erb within layouts/application
  Rendered static_pages/root.html.erb within layouts/application (0.4ms)
Completed 200 OK in 193ms (Views: 192.5ms | ActiveRecord: 0.0ms)


  
ActionController::RoutingError (No route matches [GET] "/assets/bundle.js-ec22f48762d946b76047047be2816077982d20419a9e5031265ae2ef5aa31430.map"):
  
actionpack (5.2.6.3) lib/action_dispatch/middleware/debug_exceptions.rb:65:in `call'
web-console (3.7.0) lib/web_console/middleware.rb:135:in `call_app'
web-console (3.7.0) lib/web_console/middleware.rb:30:in `block in call'
web-console (3.7.0) lib/web_console/middleware.rb:20:in `catch'
web-console (3.7.0) lib/web_console/middleware.rb:20:in `call'
actionpack (5.2.6.3) lib/action_dispatch/middleware/show_exceptions.rb:33:in `call'
railties (5.2.6.3) lib/rails/rack/logger.rb:38:in `call_app'
railties (5.2.6.3) lib/rails/rack/logger.rb:26:in `block in call'
activesupport (5.2.6.3) lib/active_support/tagged_logging.rb:71:in `block in tagged'
activesupport (5.2.6.3) lib/active_support/tagged_logging.rb:28:in `tagged'
activesupport (5.2.6.3) lib/active_support/tagged_logging.rb:71:in `tagged'
railties (5.2.6.3) lib/rails/rack/logger.rb:26:in `call'
sprockets-rails (3.4.2) lib/sprockets/rails/quiet_assets.rb:11:in `block in call'
activesupport (5.2.6.3) lib/active_support/logger_silence.rb:21:in `silence'
activesupport (5.2.6.3) lib/active_support/logger.rb:65:in `block (3 levels) in broadcast'
activesupport (5.2.6.3) lib/active_support/logger_silence.rb:21:in `silence'
activesupport (5.2.6.3) lib/active_support/logger.rb:63:in `block (2 levels) in broadcast'
sprockets-rails (3.4.2) lib/sprockets/rails/quiet_assets.rb:11:in `call'
actionpack (5.2.6.3) lib/action_dispatch/middleware/remote_ip.rb:81:in `call'
actionpack (5.2.6.3) lib/action_dispatch/middleware/request_id.rb:27:in `call'
rack (2.2.3) lib/rack/method_override.rb:24:in `call'
rack (2.2.3) lib/rack/runtime.rb:22:in `call'
activesupport (5.2.6.3) lib/active_support/cache/strategy/local_cache_middleware.rb:29:in `call'
actionpack (5.2.6.3) lib/action_dispatch/middleware/executor.rb:14:in `call'
actionpack (5.2.6.3) lib/action_dispatch/middleware/static.rb:127:in `call'
rack (2.2.3) lib/rack/sendfile.rb:110:in `call'
railties (5.2.6.3) lib/rails/engine.rb:524:in `call'
puma (3.12.6) lib/puma/configuration.rb:227:in `call'
puma (3.12.6) lib/puma/server.rb:706:in `handle_request'
puma (3.12.6) lib/puma/server.rb:476:in `process_client'
puma (3.12.6) lib/puma/server.rb:334:in `block in run'
puma (3.12.6) lib/puma/thread_pool.rb:135:in `block in spawn_thread'
Started GET "/api/todos" for ::1 at 2022-03-10 16:55:03 -0800
Processing by Api::TodosController#index as JSON
  [1m[36mTodo Load (31.5ms)[0m  [1m[34mSELECT "todos".* FROM "todos"[0m
  ↳ app/controllers/api/todos_controller.rb:7
Completed 200 OK in 49ms (Views: 17.4ms | ActiveRecord: 31.5ms)


Started GET "/" for ::1 at 2022-03-10 16:56:46 -0800
Processing by StaticPagesController#root as HTML
  Rendering static_pages/root.html.erb within layouts/application
  Rendered static_pages/root.html.erb within layouts/application (0.3ms)
Completed 200 OK in 302ms (Views: 301.4ms | ActiveRecord: 0.0ms)


Started GET "/api/todos" for ::1 at 2022-03-10 16:56:47 -0800
Processing by Api::TodosController#index as JSON
  [1m[36mTodo Load (0.5ms)[0m  [1m[34mSELECT "todos".* FROM "todos"[0m
  ↳ app/controllers/api/todos_controller.rb:7
Completed 200 OK in 8ms (Views: 5.0ms | ActiveRecord: 0.5ms)


Started GET "/" for ::1 at 2022-03-10 16:58:21 -0800
Processing by StaticPagesController#root as HTML
  Rendering static_pages/root.html.erb within layouts/application
  Rendered static_pages/root.html.erb within layouts/application (0.2ms)
Completed 200 OK in 48ms (Views: 48.2ms | ActiveRecord: 0.0ms)


  
ActionController::RoutingError (No route matches [GET] "/assets/bundle.js-ec22f48762d946b76047047be2816077982d20419a9e5031265ae2ef5aa31430.map"):
  
actionpack (5.2.6.3) lib/action_dispatch/middleware/debug_exceptions.rb:65:in `call'
web-console (3.7.0) lib/web_console/middleware.rb:135:in `call_app'
web-console (3.7.0) lib/web_console/middleware.rb:30:in `block in call'
web-console (3.7.0) lib/web_console/middleware.rb:20:in `catch'
web-console (3.7.0) lib/web_console/middleware.rb:20:in `call'
actionpack (5.2.6.3) lib/action_dispatch/middleware/show_exceptions.rb:33:in `call'
railties (5.2.6.3) lib/rails/rack/logger.rb:38:in `call_app'
railties (5.2.6.3) lib/rails/rack/logger.rb:26:in `block in call'
activesupport (5.2.6.3) lib/active_support/tagged_logging.rb:71:in `block in tagged'
activesupport (5.2.6.3) lib/active_support/tagged_logging.rb:28:in `tagged'
activesupport (5.2.6.3) lib/active_support/tagged_logging.rb:71:in `tagged'
railties (5.2.6.3) lib/rails/rack/logger.rb:26:in `call'
sprockets-rails (3.4.2) lib/sprockets/rails/quiet_assets.rb:11:in `block in call'
activesupport (5.2.6.3) lib/active_support/logger_silence.rb:21:in `silence'
activesupport (5.2.6.3) lib/active_support/logger.rb:65:in `block (3 levels) in broadcast'
activesupport (5.2.6.3) lib/active_support/logger_silence.rb:21:in `silence'
activesupport (5.2.6.3) lib/active_support/logger.rb:63:in `block (2 levels) in broadcast'
sprockets-rails (3.4.2) lib/sprockets/rails/quiet_assets.rb:11:in `call'
actionpack (5.2.6.3) lib/action_dispatch/middleware/remote_ip.rb:81:in `call'
actionpack (5.2.6.3) lib/action_dispatch/middleware/request_id.rb:27:in `call'
rack (2.2.3) lib/rack/method_override.rb:24:in `call'
rack (2.2.3) lib/rack/runtime.rb:22:in `call'
activesupport (5.2.6.3) lib/active_support/cache/strategy/local_cache_middleware.rb:29:in `call'
actionpack (5.2.6.3) lib/action_dispatch/middleware/executor.rb:14:in `call'
actionpack (5.2.6.3) lib/action_dispatch/middleware/static.rb:127:in `call'
rack (2.2.3) lib/rack/sendfile.rb:110:in `call'
railties (5.2.6.3) lib/rails/engine.rb:524:in `call'
puma (3.12.6) lib/puma/configuration.rb:227:in `call'
puma (3.12.6) lib/puma/server.rb:706:in `handle_request'
puma (3.12.6) lib/puma/server.rb:476:in `process_client'
puma (3.12.6) lib/puma/server.rb:334:in `block in run'
puma (3.12.6) lib/puma/thread_pool.rb:135:in `block in spawn_thread'
Started GET "/api/todos" for ::1 at 2022-03-10 16:58:22 -0800
Processing by Api::TodosController#index as JSON
  [1m[36mTodo Load (0.4ms)[0m  [1m[34mSELECT "todos".* FROM "todos"[0m
  ↳ app/controllers/api/todos_controller.rb:7
Completed 200 OK in 5ms (Views: 4.2ms | ActiveRecord: 0.4ms)


Started GET "/" for ::1 at 2022-03-10 17:00:34 -0800
Processing by StaticPagesController#root as HTML
  Rendering static_pages/root.html.erb within layouts/application
  Rendered static_pages/root.html.erb within layouts/application (0.2ms)
Completed 200 OK in 297ms (Views: 296.7ms | ActiveRecord: 0.0ms)


Started GET "/api/todos" for ::1 at 2022-03-10 17:00:35 -0800
Processing by Api::TodosController#index as JSON
  [1m[36mTodo Load (0.4ms)[0m  [1m[34mSELECT "todos".* FROM "todos"[0m
  ↳ app/controllers/api/todos_controller.rb:7
Completed 200 OK in 5ms (Views: 4.8ms | ActiveRecord: 0.4ms)


Started GET "/api/todos" for ::1 at 2022-03-10 17:00:35 -0800
Processing by Api::TodosController#index as JSON
  [1m[36mTodo Load (0.4ms)[0m  [1m[34mSELECT "todos".* FROM "todos"[0m
  ↳ app/controllers/api/todos_controller.rb:7
Completed 200 OK in 4ms (Views: 3.4ms | ActiveRecord: 0.4ms)


Started GET "/" for ::1 at 2022-03-10 17:00:52 -0800
Processing by StaticPagesController#root as HTML
  Rendering static_pages/root.html.erb within layouts/application
  Rendered static_pages/root.html.erb within layouts/application (0.4ms)
Completed 200 OK in 41ms (Views: 40.5ms | ActiveRecord: 0.0ms)


Started GET "/api/todos" for ::1 at 2022-03-10 17:00:52 -0800
Processing by Api::TodosController#index as JSON
  [1m[36mTodo Load (3.4ms)[0m  [1m[34mSELECT "todos".* FROM "todos"[0m
  ↳ app/controllers/api/todos_controller.rb:7
Completed 200 OK in 21ms (Views: 16.5ms | ActiveRecord: 3.4ms)


Started GET "/api/todos" for ::1 at 2022-03-10 17:00:52 -0800
Processing by Api::TodosController#index as JSON
  [1m[36mTodo Load (0.4ms)[0m  [1m[34mSELECT "todos".* FROM "todos"[0m
  ↳ app/controllers/api/todos_controller.rb:7
Completed 200 OK in 4ms (Views: 3.5ms | ActiveRecord: 0.4ms)


Started GET "/" for ::1 at 2022-03-10 17:01:04 -0800
Processing by StaticPagesController#root as HTML
  Rendering static_pages/root.html.erb within layouts/application
  Rendered static_pages/root.html.erb within layouts/application (0.2ms)
Completed 200 OK in 296ms (Views: 295.4ms | ActiveRecord: 0.0ms)


Started GET "/api/todos" for ::1 at 2022-03-10 17:01:05 -0800
Processing by Api::TodosController#index as JSON
  [1m[36mTodo Load (0.3ms)[0m  [1m[34mSELECT "todos".* FROM "todos"[0m
  ↳ app/controllers/api/todos_controller.rb:7
Completed 200 OK in 4ms (Views: 3.6ms | ActiveRecord: 0.3ms)


Started GET "/api/todos" for ::1 at 2022-03-10 17:01:05 -0800
Processing by Api::TodosController#index as JSON
  [1m[36mTodo Load (0.3ms)[0m  [1m[34mSELECT "todos".* FROM "todos"[0m
  ↳ app/controllers/api/todos_controller.rb:7
Completed 200 OK in 4ms (Views: 3.5ms | ActiveRecord: 0.3ms)


Started POST "/api/todos" for ::1 at 2022-03-10 17:01:46 -0800
Processing by Api::TodosController#create as JSON
  Parameters: {"todo"=>{"id"=>"1646960465256", "title"=>"gnsrftijkfjiofj ", "body"=>"sdklfsopfwoijre", "done"=>"false"}}
Unpermitted parameter: :id
  [1m[35m (0.2ms)[0m  [1m[35mBEGIN[0m
  ↳ app/controllers/api/todos_controller.rb:12
  [1m[36mTodo Create (0.6ms)[0m  [1m[32mINSERT INTO "todos" ("title", "body", "done", "created_at", "updated_at") VALUES ($1, $2, $3, $4, $5) RETURNING "id"[0m  [["title", "gnsrftijkfjiofj "], ["body", "sdklfsopfwoijre"], ["done", false], ["created_at", "2022-03-11 01:01:46.354099"], ["updated_at", "2022-03-11 01:01:46.354099"]]
  ↳ app/controllers/api/todos_controller.rb:12
  [1m[35m (5.6ms)[0m  [1m[35mCOMMIT[0m
  ↳ app/controllers/api/todos_controller.rb:12
Completed 200 OK in 12ms (Views: 0.4ms | ActiveRecord: 6.3ms)


  [1m[36mTodo Load (0.5ms)[0m  [1m[34mSELECT "todos".* FROM "todos"[0m
